<?xml version="1.0" encoding="UTF-8"?>
<!-- Generated by org.testng.reporters.JUnitReportReporter -->
<testsuite hostname="ubuntu" name="www.muni.cz.dao.TeamDaoTest" tests="3" failures="0" timestamp="23 Oct 2016 16:18:09 GMT" time="0.223" errors="0">
  <testcase name="delete" time="0.152" classname="www.muni.cz.dao.TeamDaoTest"/>
  <testcase name="create" time="0.052" classname="www.muni.cz.dao.TeamDaoTest"/>
  <testcase name="findById" time="0.019" classname="www.muni.cz.dao.TeamDaoTest"/>
</testsuite> <!-- www.muni.cz.dao.TeamDaoTest -->
