<?xml version="1.0" encoding="UTF-8"?>
<!-- Generated by org.testng.reporters.JUnitReportReporter -->
<testsuite hostname="ubuntu" name="cz.fi.muni.pa165.dao.TeamDaoTest" tests="6" failures="0" timestamp="24 Oct 2016 18:38:08 GMT" time="0.537" errors="0">
  <testcase name="create" time="0.120" classname="cz.fi.muni.pa165.dao.TeamDaoTest"/>
  <testcase name="findAll" time="0.235" classname="cz.fi.muni.pa165.dao.TeamDaoTest"/>
  <testcase name="findByName" time="0.124" classname="cz.fi.muni.pa165.dao.TeamDaoTest"/>
  <testcase name="update" time="0.017" classname="cz.fi.muni.pa165.dao.TeamDaoTest"/>
  <testcase name="findById" time="0.019" classname="cz.fi.muni.pa165.dao.TeamDaoTest"/>
  <testcase name="delete" time="0.022" classname="cz.fi.muni.pa165.dao.TeamDaoTest"/>
</testsuite> <!-- cz.fi.muni.pa165.dao.TeamDaoTest -->
