<?xml version="1.0" encoding="UTF-8"?>
<!-- Generated by org.testng.reporters.JUnitReportReporter -->
<testsuite hostname="ubuntu" name="www.muni.cz.dao.TeamDaoTest" tests="6" failures="0" timestamp="23 Oct 2016 19:20:05 GMT" time="0.596" errors="0">
  <testcase name="findByName" time="0.099" classname="www.muni.cz.dao.TeamDaoTest"/>
  <testcase name="findAll" time="0.263" classname="www.muni.cz.dao.TeamDaoTest"/>
  <testcase name="findById" time="0.019" classname="www.muni.cz.dao.TeamDaoTest"/>
  <testcase name="create" time="0.034" classname="www.muni.cz.dao.TeamDaoTest"/>
  <testcase name="delete" time="0.163" classname="www.muni.cz.dao.TeamDaoTest"/>
  <testcase name="update" time="0.018" classname="www.muni.cz.dao.TeamDaoTest"/>
</testsuite> <!-- www.muni.cz.dao.TeamDaoTest -->
