<?xml version="1.0" encoding="UTF-8"?>
<!-- Generated by org.testng.reporters.JUnitReportReporter -->
<testsuite hostname="ubuntu" name="www.muni.cz.dao.TeamDaoTest" tests="1" failures="0" timestamp="23 Oct 2016 09:30:44 GMT" time="0.172" errors="0">
  <testcase name="findById" time="0.172" classname="www.muni.cz.dao.TeamDaoTest"/>
</testsuite> <!-- www.muni.cz.dao.TeamDaoTest -->
